<?xml version="1.0" encoding="UTF-8"?>
<!-- Generated by org.testng.reporters.JUnitXMLReporter -->
<testsuite ignored="0" hostname="TTR358" failures="0" tests="12" name="Surefire test" time="56.192" errors="0" timestamp="2020-05-04T00:35:58 IST">
  <testcase classname="JavaCodes.OneTest" name="JavaFourTest" time="0.001"/>
  <testcase classname="JavaCodes.OneTest" name="JavaOneTest" time="0.0"/>
  <testcase classname="JavaCodes.OneTest" name="JavaSixTest" time="0.001"/>
  <testcase classname="JavaCodes.OneTest" name="JavaTwoTest" time="0.0"/>
  <testcase classname="JavaCodes.TwoTest" name="NewJavatestOne" time="0.0"/>
  <testcase classname="JavaCodes.TwoTest" name="NewJavatestTwo" time="0.0"/>
  <testcase classname="mavenJava.JavaTest" name="JavaoneTest" time="0.0"/>
  <testcase classname="mavenJava.JavaTest" name="test" time="0.0"/>
  <testcase classname="mavenJava.NegativeTest" name="negativetest" time="12.769"/>
  <testcase classname="mavenJava.PositiveTest" name="ItmLinkTest" time="16.051"/>
  <testcase classname="mavenJava.PositiveTest" name="LogoutTest" time="13.849"/>
  <testcase classname="mavenJava.PositiveTest" name="TestNg" time="13.447"/>
</testsuite> <!-- Surefire test -->
