<?xml version="1.0" encoding="UTF-8"?>
<!-- Generated by org.testng.reporters.JUnitXMLReporter -->
<testsuite ignored="0" hostname="TTR358" failures="0" tests="6" name="Test" time="0.08" errors="0" timestamp="2020-05-04T00:09:01 IST">
  <testcase classname="JavaCodes.OneTest" name="JavaFourTest" time="0.007"/>
  <testcase classname="JavaCodes.OneTest" name="JavaOneTest" time="0.002"/>
  <testcase classname="JavaCodes.OneTest" name="JavaSixTest" time="0.002"/>
  <testcase classname="JavaCodes.OneTest" name="JavaTwoTest" time="0.002"/>
  <testcase classname="JavaCodes.TwoTest" name="NewJavatestOne" time="0.004"/>
  <testcase classname="JavaCodes.TwoTest" name="NewJavatestTwo" time="0.003"/>
</testsuite> <!-- Test -->
