<?xml version="1.0" encoding="UTF-8"?>
<testsuite xmlns:xsi="http://www.w3.org/2001/XMLSchema-instance" xsi:noNamespaceSchemaLocation="https://maven.apache.org/surefire/maven-surefire-plugin/xsd/surefire-test-report-3.0.xsd" version="3.0" name="TestSuite" time="57.07" tests="12" errors="0" skipped="0" failures="0">
  <properties>
[...]
</properties>
  <testcase name="JavaFourTest" classname="JavaCodes.OneTest" time="0.006"/>
  <testcase name="JavaOneTest" classname="JavaCodes.OneTest" time="0"/>
  <testcase name="JavaSixTest" classname="JavaCodes.OneTest" time="0.001"/>
  <testcase name="JavaTwoTest" classname="JavaCodes.OneTest" time="0"/>
  <testcase name="NewJavatestOne" classname="JavaCodes.TwoTest" time="0"/>
  <testcase name="NewJavatestTwo" classname="JavaCodes.TwoTest" time="0"/>
  <testcase name="JavaoneTest" classname="mavenJava.JavaTest" time="0"/>
  <testcase name="test" classname="mavenJava.JavaTest" time="0"/>
  <testcase name="negativetest" classname="mavenJava.NegativeTest" time="12.77"/>
  <testcase name="ItmLinkTest" classname="mavenJava.PositiveTest" time="16.05"/>
  <testcase name="LogoutTest" classname="mavenJava.PositiveTest" time="13.848"/>
  <testcase name="TestNg" classname="mavenJava.PositiveTest" time="13.448"/>
</testsuite>